
> threads@0.1.0 build
> next build

- info Loaded env from C:\Users\Admin\Desktop\Personal Projects\NextJs\threads\.env.local
- info Creating an optimized production build...
- info Compiled successfully
- info Linting and checking validity of types...
- info Collecting page data...
- info Generating static pages (0/5)
- info Generating static pages (1/5)
- info Generating static pages (2/5)
- info Generating static pages (3/5)
- info Generating static pages (5/5)
- info Finalizing page optimization...

Route (app)                                Size     First Load JS
┌ ○ /                                      141 B          78.5 kB
├ ○ /favicon.ico                           0 B                0 B
└ λ /onboarding                            140 B          78.5 kB
+ First Load JS shared by all              78.4 kB
  ├ chunks/596-0dfa7cb46b73239e.js         25.9 kB
  ├ chunks/fd9d1056-2c72fb6b57d5fd39.js    50.5 kB
  ├ chunks/main-app-76274f32114de1e3.js    214 B
  └ chunks/webpack-91d10b9ce0bbad6d.js     1.72 kB

Route (pages)                              Size     First Load JS
─ ○ /404                                   182 B          75.8 kB
+ First Load JS shared by all              75.6 kB
  ├ chunks/framework-8883d1e9be70c3da.js   45 kB
  ├ chunks/main-3388e1f8908a8f84.js        28.7 kB
  ├ chunks/pages/_app-52924524f99094ab.js  195 B
  └ chunks/webpack-91d10b9ce0bbad6d.js     1.72 kB

ƒ Middleware                               173 kB

λ  (Server)  server-side renders at runtime (uses getInitialProps or getServerSideProps)
○  (Static)  automatically rendered as static HTML (uses no initial props)

